<?xml version="1.0" encoding="UTF-8" standalone="yes" ?>
<test-results name="D:\Projects\DevMax\Tests\Win32\Debug\DevMaxTests.exe" total="10" errors="0" failures="0" ignored="0" inconclusive="0" not-run="0" skipped="0" invalid="0" date="2021-01-20" time="2.691">
  <culture-info current-culture="en" current-uiculture="en" />
  <test-suite type="Assembly" name="DevMaxTests.exe" executed="true" result="Success" success="True" time="2.691" asserts="0">
    <results>
        <test-suite type="Namespace" name="Tests" executed="true" result="Success" success="True" time="2.691" asserts="0" >
          <results>
              <test-suite type="Fixture" name="TDesignPatternTests" executed="True" result="Success" success="True" time="2.690" >
                <results>
                  <test-case name="TestSingleton" executed="True" result="Success" success="True" time="2.688" asserts="0" />
                  <test-case name="TestFactory" executed="True" result="Success" success="True" time="0.000" asserts="0" />
                  <test-case name="TestObserver" executed="True" result="Success" success="True" time="0.000" asserts="0" />
                </results>
              </test-suite>
              <test-suite type="Fixture" name="TLiveDataTests" executed="True" result="Success" success="True" time="0.001" >
                <results>
                  <test-case name="TestAssignInteger" executed="True" result="Success" success="True" time="0.000" asserts="0" />
                  <test-case name="TestAssignString" executed="True" result="Success" success="True" time="0.000" asserts="0" />
                  <test-case name="TestAssignDateTime" executed="True" result="Success" success="True" time="0.000" asserts="0" />
                  <test-case name="TestAssignObject" executed="True" result="Success" success="True" time="0.000" asserts="0" />
                  <test-case name="TestEqualInteger" executed="True" result="Success" success="True" time="0.000" asserts="0" />
                  <test-case name="TestEqualString" executed="True" result="Success" success="True" time="0.000" asserts="0" />
                  <test-case name="TestEqualDateTime" executed="True" result="Success" success="True" time="0.000" asserts="0" />
                </results>
              </test-suite>
          </results>
        </test-suite>
    </results>
  </test-suite>
</test-results>
